<?xml version="1.0" encoding="UTF-8"?>
<testng-results ignored="0" total="6" passed="6" failed="0" skipped="0">
  <reporter-output>
  </reporter-output>
  <suite started-at="2019-08-07T11:54:06 IST" name="HeatClinic" finished-at="2019-08-07T11:56:22 IST" duration-ms="135885">
    <groups>
    </groups>
    <test started-at="2019-08-07T11:54:06 IST" name="The Heat Clinic Website TestScripts" finished-at="2019-08-07T11:56:22 IST" duration-ms="135885">
      <class name="com.atmecs.testscripts.CountProdTest">
        <test-method is-config="true" signature="preSetup()[pri:0, instance:com.atmecs.testscripts.CountProdTest@16e7dcfd]" started-at="2019-08-07T11:54:17 IST" name="preSetup" finished-at="2019-08-07T11:54:22 IST" duration-ms="5295" status="PASS">
          <reporter-output>
          </reporter-output>
        </test-method> <!-- preSetup -->
        <test-method signature="CountProdTest()[pri:0, instance:com.atmecs.testscripts.CountProdTest@16e7dcfd]" started-at="2019-08-07T11:54:38 IST" name="CountProdTest" finished-at="2019-08-07T11:54:38 IST" duration-ms="661" status="PASS">
          <reporter-output>
          </reporter-output>
        </test-method> <!-- CountProdTest -->
        <test-method is-config="true" signature="tearDown()[pri:0, instance:com.atmecs.testscripts.CountProdTest@16e7dcfd]" started-at="2019-08-07T11:56:19 IST" name="tearDown" finished-at="2019-08-07T11:56:20 IST" duration-ms="374" status="PASS">
          <reporter-output>
          </reporter-output>
        </test-method> <!-- tearDown -->
      </class> <!-- com.atmecs.testscripts.CountProdTest -->
      <class name="com.atmecs.testscripts.SortByName">
        <test-method is-config="true" signature="preSetup()[pri:0, instance:com.atmecs.testscripts.SortByName@3b07a0d6]" started-at="2019-08-07T11:54:27 IST" name="preSetup" finished-at="2019-08-07T11:54:32 IST" duration-ms="5213" status="PASS">
          <reporter-output>
          </reporter-output>
        </test-method> <!-- preSetup -->
        <test-method signature="sort()[pri:0, instance:com.atmecs.testscripts.SortByName@3b07a0d6]" started-at="2019-08-07T11:54:41 IST" name="sort" finished-at="2019-08-07T11:54:44 IST" duration-ms="2724" status="PASS">
          <reporter-output>
          </reporter-output>
        </test-method> <!-- sort -->
        <test-method is-config="true" signature="tearDown()[pri:0, instance:com.atmecs.testscripts.SortByName@3b07a0d6]" started-at="2019-08-07T11:56:21 IST" name="tearDown" finished-at="2019-08-07T11:56:21 IST" duration-ms="711" status="PASS">
          <reporter-output>
          </reporter-output>
        </test-method> <!-- tearDown -->
      </class> <!-- com.atmecs.testscripts.SortByName -->
      <class name="com.atmecs.testscripts.SortByPrice">
        <test-method is-config="true" signature="preSetup()[pri:0, instance:com.atmecs.testscripts.SortByPrice@3d121db3]" started-at="2019-08-07T11:54:32 IST" name="preSetup" finished-at="2019-08-07T11:54:38 IST" duration-ms="5390" status="PASS">
          <reporter-output>
          </reporter-output>
        </test-method> <!-- preSetup -->
        <test-method signature="sortData()[pri:0, instance:com.atmecs.testscripts.SortByPrice@3d121db3]" started-at="2019-08-07T11:54:38 IST" name="sortData" finished-at="2019-08-07T11:54:41 IST" duration-ms="2402" status="PASS">
          <reporter-output>
          </reporter-output>
        </test-method> <!-- sortData -->
        <test-method is-config="true" signature="tearDown()[pri:0, instance:com.atmecs.testscripts.SortByPrice@3d121db3]" started-at="2019-08-07T11:56:21 IST" name="tearDown" finished-at="2019-08-07T11:56:22 IST" duration-ms="743" status="PASS">
          <reporter-output>
          </reporter-output>
        </test-method> <!-- tearDown -->
      </class> <!-- com.atmecs.testscripts.SortByPrice -->
      <class name="com.atmecs.testscripts.SortByLink">
        <test-method is-config="true" signature="preSetup()[pri:0, instance:com.atmecs.testscripts.SortByLink@11a9e7c8]" started-at="2019-08-07T11:54:22 IST" name="preSetup" finished-at="2019-08-07T11:54:27 IST" duration-ms="5100" status="PASS">
          <reporter-output>
          </reporter-output>
        </test-method> <!-- preSetup -->
        <test-method signature="linksort()[pri:0, instance:com.atmecs.testscripts.SortByLink@11a9e7c8]" started-at="2019-08-07T11:54:44 IST" name="linksort" finished-at="2019-08-07T11:54:46 IST" duration-ms="2574" status="PASS">
          <reporter-output>
          </reporter-output>
        </test-method> <!-- linksort -->
        <test-method is-config="true" signature="tearDown()[pri:0, instance:com.atmecs.testscripts.SortByLink@11a9e7c8]" started-at="2019-08-07T11:56:20 IST" name="tearDown" finished-at="2019-08-07T11:56:21 IST" duration-ms="850" status="PASS">
          <reporter-output>
          </reporter-output>
        </test-method> <!-- tearDown -->
      </class> <!-- com.atmecs.testscripts.SortByLink -->
      <class name="com.atmecs.testscripts.CheckoutTest">
        <test-method is-config="true" signature="preSetup()[pri:0, instance:com.atmecs.testscripts.CheckoutTest@14d3bc22]" started-at="2019-08-07T11:54:12 IST" name="preSetup" finished-at="2019-08-07T11:54:17 IST" duration-ms="4652" status="PASS">
          <reporter-output>
          </reporter-output>
        </test-method> <!-- preSetup -->
        <test-method signature="checkout()[pri:0, instance:com.atmecs.testscripts.CheckoutTest@14d3bc22]" started-at="2019-08-07T11:54:52 IST" name="checkout" finished-at="2019-08-07T11:56:19 IST" duration-ms="87561" status="PASS">
          <reporter-output>
          </reporter-output>
        </test-method> <!-- checkout -->
        <test-method is-config="true" signature="tearDown()[pri:0, instance:com.atmecs.testscripts.CheckoutTest@14d3bc22]" started-at="2019-08-07T11:56:19 IST" name="tearDown" finished-at="2019-08-07T11:56:19 IST" duration-ms="187" status="PASS">
          <reporter-output>
          </reporter-output>
        </test-method> <!-- tearDown -->
      </class> <!-- com.atmecs.testscripts.CheckoutTest -->
      <class name="com.atmecs.testscripts.AddToCart">
        <test-method is-config="true" signature="preSetup()[pri:0, instance:com.atmecs.testscripts.AddToCart@3901d134]" started-at="2019-08-07T11:54:06 IST" name="preSetup" finished-at="2019-08-07T11:54:12 IST" duration-ms="5835" status="PASS">
          <reporter-output>
          </reporter-output>
        </test-method> <!-- preSetup -->
        <test-method signature="addToCart()[pri:0, instance:com.atmecs.testscripts.AddToCart@3901d134]" started-at="2019-08-07T11:54:46 IST" name="addToCart" finished-at="2019-08-07T11:54:52 IST" duration-ms="5385" status="PASS">
          <reporter-output>
          </reporter-output>
        </test-method> <!-- addToCart -->
        <test-method is-config="true" signature="tearDown()[pri:0, instance:com.atmecs.testscripts.AddToCart@3901d134]" started-at="2019-08-07T11:56:19 IST" name="tearDown" finished-at="2019-08-07T11:56:19 IST" duration-ms="169" status="PASS">
          <reporter-output>
          </reporter-output>
        </test-method> <!-- tearDown -->
      </class> <!-- com.atmecs.testscripts.AddToCart -->
    </test> <!-- The Heat Clinic Website TestScripts -->
  </suite> <!-- HeatClinic -->
</testng-results>
