<?xml version="1.0" encoding="UTF-8"?>
<testng-results ignored="4" total="12" passed="8" failed="0" skipped="0">
  <reporter-output>
  </reporter-output>
  <suite started-at="2019-08-25T20:11:23 IST" name="DemoQaWebsite" finished-at="2019-08-25T20:13:03 IST" duration-ms="99922">
    <groups>
    </groups>
    <test started-at="2019-08-25T20:11:23 IST" name="The Demo_QA TestScripts" finished-at="2019-08-25T20:13:03 IST" duration-ms="99922">
      <class name="com.atmecs.testscripts.HomePage">
        <test-method signature="navigateToUrl()[pri:0, instance:com.atmecs.testscripts.HomePage@57a3af25]" started-at="2019-08-25T20:12:47 IST" name="navigateToUrl" finished-at="2019-08-25T20:12:47 IST" duration-ms="106" status="PASS">
          <reporter-output>
          </reporter-output>
        </test-method> <!-- navigateToUrl -->
      </class> <!-- com.atmecs.testscripts.HomePage -->
      <class name="com.atmecs.testscripts.SearchTest">
        <test-method is-config="true" signature="preSetup()[pri:0, instance:com.atmecs.testscripts.SearchTest@7f3b84b8]" started-at="2019-08-25T20:11:23 IST" name="preSetup" finished-at="2019-08-25T20:12:31 IST" duration-ms="68313" status="PASS">
          <reporter-output>
          </reporter-output>
        </test-method> <!-- preSetup -->
        <test-method signature="selectProduct(java.lang.String, java.lang.String, java.lang.String, java.lang.String)[pri:1, instance:com.atmecs.testscripts.SearchTest@7f3b84b8]" started-at="2019-08-25T20:12:32 IST" name="selectProduct" data-provider="getExcelData" finished-at="2019-08-25T20:12:39 IST" duration-ms="7212" status="PASS">
          <params>
            <param index="0">
              <value>
                <![CDATA[PINK DROP SHOULDER OVERSIZED T SHIRT]]>
              </value>
            </param>
            <param index="1">
              <value>
                <![CDATA[36]]>
              </value>
            </param>
            <param index="2">
              <value>
                <![CDATA[Pink]]>
              </value>
            </param>
            <param index="3">
              <value>
                <![CDATA[2]]>
              </value>
            </param>
          </params>
          <reporter-output>
          </reporter-output>
        </test-method> <!-- selectProduct -->
        <test-method signature="selectProduct(java.lang.String, java.lang.String, java.lang.String, java.lang.String)[pri:1, instance:com.atmecs.testscripts.SearchTest@7f3b84b8]" started-at="2019-08-25T20:12:39 IST" name="selectProduct" data-provider="getExcelData" finished-at="2019-08-25T20:12:45 IST" duration-ms="5825" status="PASS">
          <params>
            <param index="0">
              <value>
                <![CDATA[PLAYBOY X MISSGUIDED PLUS SIZE GREY LIPS PRINT FRONT CROPPED T SHIRT]]>
              </value>
            </param>
            <param index="1">
              <value>
                <![CDATA[44]]>
              </value>
            </param>
            <param index="2">
              <value>
                <![CDATA[Grey]]>
              </value>
            </param>
            <param index="3">
              <value>
                <![CDATA[1]]>
              </value>
            </param>
          </params>
          <reporter-output>
          </reporter-output>
        </test-method> <!-- selectProduct -->
        <test-method signature="clickOnCart()[pri:2, instance:com.atmecs.testscripts.SearchTest@7f3b84b8]" started-at="2019-08-25T20:12:45 IST" name="clickOnCart" finished-at="2019-08-25T20:12:47 IST" duration-ms="1997" status="PASS">
          <reporter-output>
          </reporter-output>
        </test-method> <!-- clickOnCart -->
        <test-method signature="getTableCount()[pri:3, instance:com.atmecs.testscripts.SearchTest@7f3b84b8]" started-at="2019-08-25T20:12:47 IST" name="getTableCount" finished-at="2019-08-25T20:12:47 IST" duration-ms="45" status="PASS">
          <reporter-output>
          </reporter-output>
        </test-method> <!-- getTableCount -->
        <test-method is-config="true" signature="tearDown()[pri:0, instance:com.atmecs.testscripts.SearchTest@7f3b84b8]" started-at="2019-08-25T20:13:03 IST" name="tearDown" finished-at="2019-08-25T20:13:03 IST" duration-ms="108" status="PASS">
          <reporter-output>
          </reporter-output>
        </test-method> <!-- tearDown -->
      </class> <!-- com.atmecs.testscripts.SearchTest -->
      <class name="com.atmecs.testscripts.AddToCart">
        <test-method signature="selectProduct(java.lang.String, java.lang.String, java.lang.String, java.lang.String)[pri:1, instance:com.atmecs.testscripts.AddToCart@2b662a77]" started-at="2019-08-25T20:12:47 IST" name="selectProduct" data-provider="getExcelData" finished-at="2019-08-25T20:12:54 IST" duration-ms="6543" status="PASS">
          <params>
            <param index="0">
              <value>
                <![CDATA[PINK DROP SHOULDER OVERSIZED T SHIRT]]>
              </value>
            </param>
            <param index="1">
              <value>
                <![CDATA[36]]>
              </value>
            </param>
            <param index="2">
              <value>
                <![CDATA[Pink]]>
              </value>
            </param>
            <param index="3">
              <value>
                <![CDATA[2]]>
              </value>
            </param>
          </params>
          <reporter-output>
          </reporter-output>
        </test-method> <!-- selectProduct -->
        <test-method signature="selectProduct(java.lang.String, java.lang.String, java.lang.String, java.lang.String)[pri:1, instance:com.atmecs.testscripts.AddToCart@2b662a77]" started-at="2019-08-25T20:12:54 IST" name="selectProduct" data-provider="getExcelData" finished-at="2019-08-25T20:13:00 IST" duration-ms="6600" status="PASS">
          <params>
            <param index="0">
              <value>
                <![CDATA[PLAYBOY X MISSGUIDED PLUS SIZE GREY LIPS PRINT FRONT CROPPED T SHIRT]]>
              </value>
            </param>
            <param index="1">
              <value>
                <![CDATA[44]]>
              </value>
            </param>
            <param index="2">
              <value>
                <![CDATA[Grey]]>
              </value>
            </param>
            <param index="3">
              <value>
                <![CDATA[1]]>
              </value>
            </param>
          </params>
          <reporter-output>
          </reporter-output>
        </test-method> <!-- selectProduct -->
        <test-method signature="removeProduct()[pri:2, instance:com.atmecs.testscripts.AddToCart@2b662a77]" started-at="2019-08-25T20:13:00 IST" name="removeProduct" finished-at="2019-08-25T20:13:03 IST" duration-ms="2310" status="PASS">
          <reporter-output>
          </reporter-output>
        </test-method> <!-- removeProduct -->
      </class> <!-- com.atmecs.testscripts.AddToCart -->
    </test> <!-- The Demo_QA TestScripts -->
  </suite> <!-- DemoQaWebsite -->
</testng-results>
