<?xml version="1.0" encoding="UTF-8"?>
<!-- Generated by org.testng.reporters.JUnitXMLReporter -->
<testsuite ignored="4" hostname="ATMECSINDT-034" failures="0" tests="8" name="The Demo_QA TestScripts" time="99.922" errors="0" timestamp="2019-08-25T20:13:03 IST">
  <testcase classname="com.atmecs.testscripts.SearchTest" name="selectProduct" time="7.212"/>
  <testcase classname="com.atmecs.testscripts.SearchTest" name="selectProduct" time="5.825"/>
  <testcase classname="com.atmecs.testscripts.SearchTest" name="clickOnCart" time="1.997"/>
  <testcase classname="com.atmecs.testscripts.SearchTest" name="getTableCount" time="0.045"/>
  <testcase classname="com.atmecs.testscripts.HomePage" name="navigateToUrl" time="0.106"/>
  <testcase classname="com.atmecs.testscripts.AddToCart" name="selectProduct" time="6.543"/>
  <testcase classname="com.atmecs.testscripts.AddToCart" name="selectProduct" time="6.6"/>
  <testcase classname="com.atmecs.testscripts.AddToCart" name="removeProduct" time="2.31"/>
  <testcase classname="com.atmecs.testsuite.TestBase" name="@BeforeTest preSetup" time="0.0">
    <ignored/>
  </testcase> <!-- @BeforeTest preSetup -->
  <testcase classname="com.atmecs.testsuite.TestBase" name="@BeforeTest preSetup" time="0.0">
    <ignored/>
  </testcase> <!-- @BeforeTest preSetup -->
  <testcase classname="com.atmecs.testsuite.TestBase" name="@AfterTest tearDown" time="0.0">
    <ignored/>
  </testcase> <!-- @AfterTest tearDown -->
  <testcase classname="com.atmecs.testsuite.TestBase" name="@AfterTest tearDown" time="0.0">
    <ignored/>
  </testcase> <!-- @AfterTest tearDown -->
</testsuite> <!-- The Demo_QA TestScripts -->
