<?xml version="1.0" encoding="UTF-8"?>
<!-- Generated by org.testng.reporters.JUnitXMLReporter -->
<testsuite ignored="0" hostname="ATMECSINDT-034" failures="0" tests="6" name="The Heat Clinic Website TestScripts" time="135.885" errors="0" timestamp="2019-08-07T11:56:22 IST">
  <testcase classname="com.atmecs.testscripts.CountProdTest" name="CountProdTest" time="0.661"/>
  <testcase classname="com.atmecs.testscripts.SortByPrice" name="sortData" time="2.402"/>
  <testcase classname="com.atmecs.testscripts.SortByName" name="sort" time="2.724"/>
  <testcase classname="com.atmecs.testscripts.SortByLink" name="linksort" time="2.574"/>
  <testcase classname="com.atmecs.testscripts.AddToCart" name="addToCart" time="5.385"/>
  <testcase classname="com.atmecs.testscripts.CheckoutTest" name="checkout" time="87.561"/>
</testsuite> <!-- The Heat Clinic Website TestScripts -->
