<?xml version="1.0" encoding="UTF-8"?>
<!-- Generated by org.testng.reporters.JUnitXMLReporter -->
<testsuite ignored="0" hostname="ATMECSINDT-034" failures="0" tests="4" name="Default test" time="83.997" errors="0" timestamp="2019-08-25T20:07:47 IST">
  <testcase classname="com.atmecs.testscripts.SearchTest" name="selectProduct" time="6.717"/>
  <testcase classname="com.atmecs.testscripts.SearchTest" name="selectProduct" time="5.302"/>
  <testcase classname="com.atmecs.testscripts.SearchTest" name="clickOnCart" time="2.111"/>
  <testcase classname="com.atmecs.testscripts.SearchTest" name="getTableCount" time="0.03"/>
</testsuite> <!-- Default test -->
